<?xml version="1.0" encoding="UTF-8"?>
<rss xmlns:atom="http://www.w3.org/2005/Atom" xmlns:itunes="http://www.itunes.com/dtds/podcast-1.0.dtd" xmlns:content="http://purl.org/rss/1.0/modules/content/" version="2.0">
  <channel>
    <title>测试播客</title>
    <itunes:subtitle>测试播客测试播客</itunes:subtitle>
    <link>https://justpodmedia.com</link>
    <atom:link href="https://justpodmedia.com/feed?ep=test-code" rel="self" type="application/rss+xml"/>
    <description>跟我一起来学高考作文，保证让你成为满分作文</description>
    <itunes:summary>跟我一起来学高考作文，保证让你成为满分作文</itunes:summary>
    <language>zh-CN</language>
    <copyright>&amp;#169; 2019 JustPod</copyright>
    <itunes:explicit>false</itunes:explicit>
    <itunes:keywords>高考</itunes:keywords>
    <itunes:author>马一龙</itunes:author>
    <itunes:type>episodic</itunes:type>
    <itunes:category text="Business">
      <itunes:category text="Entrepreneurship"/>
    </itunes:category>
    <itunes:image href="https://justpodmedia.com/pic/向上移动logo0.png"/>
    <itunes:owner>
      <itunes:name>测试播客</itunes:name>
      <itunes:email>1816189812@qq.com</itunes:email>
    </itunes:owner>
    <item>
      <itunes:season>1</itunes:season>
      <title>这是测试播客的第一期的title</title>
      <itunes:title>这是测试播客的第一期的title</itunes:title>
      <description><![CDATA[<p>修改一下3333</p>]]></description>
      <itunes:image href="https://justpodmedia.com/pic/向上移动logo0.png"/>
      <link>https://justpodmedia.com/测试播客/1</link>
      <author>马一龙</author>
      <pubDate>Tue, 23 Jun 2020 02:59:33 GMT</pubDate>
      <guid isPermaLink="true">https://dts.podtrac.com/redirect.mp3/justpodmedia.com/audio/test-code/平价炸鸡-剪短版本.mp3</guid>
      <enclosure type="audio/mpeg" length="2093591" url="https://dts.podtrac.com/redirect.mp3/justpodmedia.com/audio/test-code/平价炸鸡-剪短版本.mp3"/>
      <itunes:duration>132</itunes:duration>
      <itunes:episode>1</itunes:episode>
      <itunes:episodeType>bonus</itunes:episodeType>
    </item>
    <item>
      <itunes:season>1</itunes:season>
      <title> 测试延时发布title</title>
      <itunes:title> 测试延时发布title</itunes:title>
      <description><![CDATA[<p>&nbsp;测试延时发布</p>
]]>      </description>
      <itunes:image href="https://justpodmedia.com/pic/向上移动logo0.png"/>
      <link>https://justpodmedia.com/justpod/episode/ 测试延时发布title/</link>
      <author>马一龙</author>
      <pubDate>Thu, 11 Mar 2021 14:39:31 GMT</pubDate>
      <guid isPermaLink="true">https://dts.podtrac.com/redirect.mp3/justpodmedia.com/audio/test-code/平价炸鸡-剪短版本.mp3</guid>
      <enclosure type="audio/mpeg" length="2093591" url="https://dts.podtrac.com/redirect.mp3/justpodmedia.com/audio/test-code/平价炸鸡-剪短版本.mp3"/>
      <itunes:duration>132</itunes:duration>
      <itunes:episode>1</itunes:episode>
      <itunes:episodeType>full</itunes:episodeType>
    </item>
    <item>
      <itunes:season>1</itunes:season>
      <title>1111111</title>
      <itunes:title>1111111</itunes:title>
      <description><![CDATA[<p>111111111111111</p>
]]>      </description>
      <itunes:image href="https://justpodmedia.com/pic/向上移动logo0.png"/>
      <link>https://justpodmedia.com/justpod/episode/1111111/</link>
      <author>马一龙</author>
      <pubDate>Thu, 11 Mar 2021 14:50:55 GMT</pubDate>
      <guid isPermaLink="true">https://dts.podtrac.com/redirect.mp3/justpodmedia.com/audio/test-code/uploadedPodcastName</guid>
      <enclosure type="" length="" url="https://dts.podtrac.com/redirect.mp3/justpodmedia.com/audio/test-code/uploadedPodcastName"/>
      <itunes:duration/>
      <itunes:episode>1</itunes:episode>
      <itunes:episodeType>full</itunes:episodeType>
    </item>
    <item>
      <itunes:season>1</itunes:season>
      <title>1</title>
      <itunes:title>1</itunes:title>
      <description><![CDATA[<p>1</p>
]]>      </description>
      <itunes:image href="https://justpodmedia.com/pic/向上移动logo0.png"/>
      <link>https://justpodmedia.com/justpod/episode/1/</link>
      <author>马一龙</author>
      <pubDate>Thu, 11 Mar 2021 14:52:20 GMT</pubDate>
      <guid isPermaLink="true">https://dts.podtrac.com/redirect.mp3/justpodmedia.com/audio/test-code/uploadedPodcastName</guid>
      <enclosure type="" length="" url="https://dts.podtrac.com/redirect.mp3/justpodmedia.com/audio/test-code/uploadedPodcastName"/>
      <itunes:duration/>
      <itunes:episode>1</itunes:episode>
      <itunes:episodeType>full</itunes:episodeType>
    </item>
    <item>
      <itunes:season>1</itunes:season>
      <title>1112222</title>
      <itunes:title>1112222</itunes:title>
      <description><![CDATA[<p>121212</p>
]]>      </description>
      <itunes:image href="https://justpodmedia.com/pic/向上移动logo0.png"/>
      <link>https://justpodmedia.com/justpod/episode/1112222/</link>
      <author>马一龙</author>
      <pubDate>Thu, 11 Mar 2021 15:36:59 GMT</pubDate>
      <guid isPermaLink="true">https://dts.podtrac.com/redirect.mp3/justpodmedia.com/audio/test-code/uploadedPodcastName</guid>
      <enclosure type="" length="" url="https://dts.podtrac.com/redirect.mp3/justpodmedia.com/audio/test-code/uploadedPodcastName"/>
      <itunes:duration/>
      <itunes:episode>1</itunes:episode>
      <itunes:episodeType>full</itunes:episodeType>
    </item>
    <item>
      <itunes:season>1</itunes:season>
      <title>1112222</title>
      <itunes:title>1112222</itunes:title>
      <description><![CDATA[<p>121212</p>
]]>      </description>
      <itunes:image href="https://justpodmedia.com/pic/向上移动logo0.png"/>
      <link>https://justpodmedia.com/justpod/episode/1112222/</link>
      <author>马一龙</author>
      <pubDate>Thu, 11 Mar 2021 15:37:37 GMT</pubDate>
      <guid isPermaLink="true">https://dts.podtrac.com/redirect.mp3/justpodmedia.com/audio/test-code/uploadedPodcastName</guid>
      <enclosure type="" length="" url="https://dts.podtrac.com/redirect.mp3/justpodmedia.com/audio/test-code/uploadedPodcastName"/>
      <itunes:duration/>
      <itunes:episode>1</itunes:episode>
      <itunes:episodeType>full</itunes:episodeType>
    </item>
    <item>
      <itunes:season>1</itunes:season>
      <title>111</title>
      <itunes:title>111</itunes:title>
      <description><![CDATA[<p>1111</p>
]]>      </description>
      <itunes:image href="https://justpodmedia.com/pic/向上移动logo0.png"/>
      <link>https://justpodmedia.com/justpod/episode/111/</link>
      <author>马一龙</author>
      <pubDate>Thu, 11 Mar 2021 15:38:39 GMT</pubDate>
      <guid isPermaLink="true">https://dts.podtrac.com/redirect.mp3/justpodmedia.com/audio/test-code/uploadedPodcastName</guid>
      <enclosure type="" length="" url="https://dts.podtrac.com/redirect.mp3/justpodmedia.com/audio/test-code/uploadedPodcastName"/>
      <itunes:duration/>
      <itunes:episode>1</itunes:episode>
      <itunes:episodeType>full</itunes:episodeType>
    </item>
    <item>
      <itunes:season>1</itunes:season>
      <title>111111</title>
      <itunes:title>111111</itunes:title>
      <description><![CDATA[<p>1111111</p>
]]>      </description>
      <itunes:image href="https://justpodmedia.com/pic/向上移动logo0.png"/>
      <link>https://justpodmedia.com/justpod/episode/111111/</link>
      <author>马一龙</author>
      <pubDate>Thu, 11 Mar 2021 15:41:05 GMT</pubDate>
      <guid isPermaLink="true">https://dts.podtrac.com/redirect.mp3/justpodmedia.com/audio/test-code/uploadedPodcastName</guid>
      <enclosure type="" length="" url="https://dts.podtrac.com/redirect.mp3/justpodmedia.com/audio/test-code/uploadedPodcastName"/>
      <itunes:duration/>
      <itunes:episode>1</itunes:episode>
      <itunes:episodeType>full</itunes:episodeType>
    </item>
    <item>
      <itunes:season>1</itunes:season>
      <title>111111</title>
      <itunes:title>111111</itunes:title>
      <description><![CDATA[<p>1111111</p>
]]>      </description>
      <itunes:image href="https://justpodmedia.com/pic/向上移动logo0.png"/>
      <link>https://justpodmedia.com/justpod/episode/111111/</link>
      <author>马一龙</author>
      <pubDate>Thu, 11 Mar 2021 15:41:28 GMT</pubDate>
      <guid isPermaLink="true">https://dts.podtrac.com/redirect.mp3/justpodmedia.com/audio/test-code/uploadedPodcastName</guid>
      <enclosure type="" length="" url="https://dts.podtrac.com/redirect.mp3/justpodmedia.com/audio/test-code/uploadedPodcastName"/>
      <itunes:duration/>
      <itunes:episode>1</itunes:episode>
      <itunes:episodeType>full</itunes:episodeType>
    </item>
    <item>
      <itunes:season>1</itunes:season>
      <title>1111</title>
      <itunes:title>1111</itunes:title>
      <description><![CDATA[<p>11111</p>
]]>      </description>
      <itunes:image href="https://justpodmedia.com/pic/向上移动logo0.png"/>
      <link>https://justpodmedia.com/justpod/episode/1111/</link>
      <author>马一龙</author>
      <pubDate>Thu, 11 Mar 2021 15:42:59 GMT</pubDate>
      <guid isPermaLink="true">https://dts.podtrac.com/redirect.mp3/justpodmedia.com/audio/test-code/uploadedPodcastName</guid>
      <enclosure type="" length="" url="https://dts.podtrac.com/redirect.mp3/justpodmedia.com/audio/test-code/uploadedPodcastName"/>
      <itunes:duration/>
      <itunes:episode>1</itunes:episode>
      <itunes:episodeType>full</itunes:episodeType>
    </item>
    <item>
      <itunes:season>1</itunes:season>
      <title>111</title>
      <itunes:title>111</itunes:title>
      <description><![CDATA[<p>1111</p>
]]>      </description>
      <itunes:image href="https://justpodmedia.com/pic/向上移动logo0.png"/>
      <link>https://justpodmedia.com/justpod/episode/111/</link>
      <author>马一龙</author>
      <pubDate>Thu, 11 Mar 2021 15:43:56 GMT</pubDate>
      <guid isPermaLink="true">https://dts.podtrac.com/redirect.mp3/justpodmedia.com/audio/test-code/uploadedPodcastName</guid>
      <enclosure type="" length="" url="https://dts.podtrac.com/redirect.mp3/justpodmedia.com/audio/test-code/uploadedPodcastName"/>
      <itunes:duration/>
      <itunes:episode>1</itunes:episode>
      <itunes:episodeType>full</itunes:episodeType>
    </item>
    <item>
      <itunes:season>1</itunes:season>
      <title>111</title>
      <itunes:title>111</itunes:title>
      <description><![CDATA[<p>111</p>
]]>      </description>
      <itunes:image href="https://justpodmedia.com/pic/向上移动logo0.png"/>
      <link>https://justpodmedia.com/justpod/episode/111/</link>
      <author>马一龙</author>
      <pubDate>Thu, 11 Mar 2021 15:48:46 GMT</pubDate>
      <guid isPermaLink="true">https://dts.podtrac.com/redirect.mp3/justpodmedia.com/audio/test-code/uploadedPodcastName</guid>
      <enclosure type="" length="" url="https://dts.podtrac.com/redirect.mp3/justpodmedia.com/audio/test-code/uploadedPodcastName"/>
      <itunes:duration/>
      <itunes:episode>1</itunes:episode>
      <itunes:episodeType>full</itunes:episodeType>
    </item>
    <item>
      <itunes:season>1</itunes:season>
      <title>1</title>
      <itunes:title>1</itunes:title>
      <description><![CDATA[<p>1</p>
]]>      </description>
      <itunes:image href="https://justpodmedia.com/pic/向上移动logo0.png"/>
      <link>https://justpodmedia.com/justpod/episode/1/</link>
      <author>马一龙</author>
      <pubDate>Thu, 11 Mar 2021 15:52:14 GMT</pubDate>
      <guid isPermaLink="true">https://dts.podtrac.com/redirect.mp3/justpodmedia.com/audio/test-code/uploadedPodcastName</guid>
      <enclosure type="" length="" url="https://dts.podtrac.com/redirect.mp3/justpodmedia.com/audio/test-code/uploadedPodcastName"/>
      <itunes:duration/>
      <itunes:episode>1</itunes:episode>
      <itunes:episodeType>full</itunes:episodeType>
    </item>
    <item>
      <itunes:season>1</itunes:season>
      <title>测试预热</title>
      <itunes:title>测试预热</itunes:title>
      <description><![CDATA[<p>测试预热</p>
]]>      </description>
      <itunes:image href="https://justpodmedia.com/pic/向上移动logo0.png"/>
      <link>https://justpodmedia.com/justpod/episode/测试预热/</link>
      <author>马一龙</author>
      <pubDate>Fri, 16 Apr 2021 11:42:35 GMT</pubDate>
      <guid isPermaLink="true">https://dts.podtrac.com/redirect.mp3/justpodmedia.com/audio/test-code/test.mp3</guid>
      <enclosure type="audio/mpeg" length="2093591" url="https://dts.podtrac.com/redirect.mp3/justpodmedia.com/audio/test-code/test.mp3"/>
      <itunes:duration>132</itunes:duration>
      <itunes:episode>8</itunes:episode>
      <itunes:episodeType>full</itunes:episodeType>
    </item>
    <item>
      <itunes:season>1</itunes:season>
      <title>测试预热cnd</title>
      <itunes:title>测试预热cnd</itunes:title>
      <description><![CDATA[<p>测试预热cnd</p>
]]>      </description>
      <itunes:image href="https://justpodmedia.com/pic/向上移动logo0.png"/>
      <link>https://justpodmedia.com/justpod/episode/测试预热cnd/</link>
      <author>马一龙</author>
      <pubDate>Fri, 16 Apr 2021 12:54:30 GMT</pubDate>
      <guid isPermaLink="true">https://dts.podtrac.com/redirect.mp3/justpodmedia.com/audio/test-code/testCDN-ep66.mp3</guid>
      <enclosure type="audio/mpeg" length="2093591" url="https://dts.podtrac.com/redirect.mp3/justpodmedia.com/audio/test-code/testCDN-ep66.mp3"/>
      <itunes:duration>132</itunes:duration>
      <itunes:episode>9</itunes:episode>
      <itunes:episodeType>full</itunes:episodeType>
    </item>
    <item>
      <itunes:season>1</itunes:season>
      <title>测试CND预热</title>
      <itunes:title>测试CND预热</itunes:title>
      <description><![CDATA[<p>测试CND预热</p>
]]>      </description>
      <itunes:image href="https://justpodmedia.com/pic/向上移动logo0.png"/>
      <link>https://justpodmedia.com/justpod/episode/测试CND预热/</link>
      <author>马一龙</author>
      <pubDate>Fri, 16 Apr 2021 15:09:07 GMT</pubDate>
      <guid isPermaLink="true">https://dts.podtrac.com/redirect.mp3/justpodmedia.com/audio/test-code/testCDN-ep66.mp3</guid>
      <enclosure type="audio/mpeg" length="2093591" url="https://dts.podtrac.com/redirect.mp3/justpodmedia.com/audio/test-code/testCDN-ep66.mp3"/>
      <itunes:duration>132</itunes:duration>
      <itunes:episode>10</itunes:episode>
      <itunes:episodeType>full</itunes:episodeType>
    </item>
    <item>
      <itunes:season>1</itunes:season>
      <title>intermezzo-ep40-20210507V2</title>
      <itunes:title>intermezzo-ep40-20210507V2</itunes:title>
      <description><![CDATA[<p>下边是一张图<img src="https://justpodmedia.com/pic/logo.jpg" /></p>
]]>      </description>
      <itunes:image href="https://justpodmedia.com/pic/向上移动logo0.png"/>
      <link>https://justpodmedia.com/justpod/episode/intermezzo-ep40-20210507V2/</link>
      <author>马一龙</author>
      <pubDate>Sat, 08 May 2021 01:55:40 GMT</pubDate>
      <guid isPermaLink="true">https://dts.podtrac.com/redirect.mp3/justpodmedia.com/audio/test-code/intermezzo-ep40-20210507V2.mp3</guid>
      <enclosure type="audio/mpeg" length="44246543" url="https://dts.podtrac.com/redirect.mp3/justpodmedia.com/audio/test-code/intermezzo-ep40-20210507V2.mp3"/>
      <itunes:duration>2738</itunes:duration>
      <itunes:episode>11</itunes:episode>
      <itunes:episodeType>full</itunes:episodeType>
    </item>
  <item><itunes:season>1</itunes:season><title>测试shownotes中插入图片</title><itunes:title>测试shownotes中插入图片</itunes:title><description><![CDATA[<p><span style="color: rgb(0,0,0);font-size: 13px;font-family: monospace;">下边是一张图 &lt;img src="https://justpodmedia.com/pic/logo.jpg" /&gt;</span></p>
]]></description><itunes:image href="https://justpodmedia.com/pic/向上移动logo0.png"/><link>https://justpodmedia.com/justpod/episode/测试shownotes中插入图片/</link><author>马一龙</author><pubDate>Tue, 25 May 2021 14:59:59 GMT</pubDate><guid isPermaLink="true">https://dts.podtrac.com/redirect.mp3/justpodmedia.com/audio/test-code/justmini-tralier.mp3</guid><enclosure type="audio/mpeg" length="5475912" url="https://dts.podtrac.com/redirect.mp3/justpodmedia.com/audio/test-code/justmini-tralier.mp3"/><itunes:duration>130</itunes:duration><itunes:episode>11</itunes:episode><itunes:episodeType>full</itunes:episodeType></item><item><itunes:season>1</itunes:season><title>测试发布流程</title><itunes:title>测试发布流程</itunes:title><description><![CDATA[<p>测试</p>
]]></description><itunes:image href="https://justpodmedia.com/pic/向上移动logo0.png"/><link>https://justpodmedia.com/justpod/episode/测试发布流程/</link><author>马一龙</author><pubDate>Sun, 30 May 2021 10:43:41 GMT</pubDate><guid isPermaLink="true">https://dts.podtrac.com/redirect.mp3/justpodmedia.com/audio/test-code/call-you.mp3</guid><enclosure type="audio/mpeg" length="570767" url="https://dts.podtrac.com/redirect.mp3/justpodmedia.com/audio/test-code/call-you.mp3"/><itunes:duration>35</itunes:duration><itunes:episode>1</itunes:episode><itunes:episodeType>full</itunes:episodeType></item><item><itunes:season>0</itunes:season><title>发布流程测试</title><itunes:title>发布流程测试</itunes:title><description><![CDATA[<p>shownotes</p>
]]></description><itunes:image href="https://justpodmedia.com/pic/向上移动logo0.png"/><link>https://justpodmedia.com/justpod/episode/发布流程测试/</link><author>马一龙</author><pubDate>Sun, 30 May 2021 11:40:11 GMT</pubDate><guid isPermaLink="true">https://dts.podtrac.com/redirect.mp3/justpodmedia.com/audio/test-code/call-you.mp3</guid><enclosure type="audio/mpeg" length="570767" url="https://dts.podtrac.com/redirect.mp3/justpodmedia.com/audio/test-code/call-you.mp3"/><itunes:duration>35</itunes:duration><itunes:episode/><itunes:episodeType>full</itunes:episodeType></item><item><itunes:season>0</itunes:season><title>发布流程测试</title><itunes:title>发布流程测试</itunes:title><description><![CDATA[<p>shownotes</p>
]]></description><itunes:image href="https://justpodmedia.com/pic/向上移动logo0.png"/><link>https://justpodmedia.com/justpod/episode/发布流程测试/</link><author>马一龙</author><pubDate>Sun, 30 May 2021 11:41:51 GMT</pubDate><guid isPermaLink="true">https://dts.podtrac.com/redirect.mp3/justpodmedia.com/audio/test-code/call-you.mp3</guid><enclosure type="audio/mpeg" length="570767" url="https://dts.podtrac.com/redirect.mp3/justpodmedia.com/audio/test-code/call-you.mp3"/><itunes:duration>35</itunes:duration><itunes:episode/><itunes:episodeType>full</itunes:episodeType></item><item><itunes:season>1</itunes:season><title>123123</title><itunes:title>123123</itunes:title><description><![CDATA[<p>12312312</p>
]]></description><itunes:image href="https://justpodmedia.com/pic/向上移动logo0.png"/><link>https://justpodmedia.com/justpod/episode/123123/</link><author>马一龙</author><pubDate>Thu, 03 Jun 2021 13:51:42 GMT</pubDate><guid isPermaLink="true">https://dts.podtrac.com/redirect.mp3/justpodmedia.com/audio/test-code/人生海海.mp3</guid><enclosure type="audio/mpeg" length="4521262" url="https://dts.podtrac.com/redirect.mp3/justpodmedia.com/audio/test-code/人生海海.mp3"/><itunes:duration>282</itunes:duration><itunes:episode>1</itunes:episode><itunes:episodeType>full</itunes:episodeType></item><item><itunes:season>1</itunes:season><title>podcastintro</title><itunes:title>podcastintro</itunes:title><description><![CDATA[<p>podcastintro</p>
]]></description><itunes:image href="https://justpodmedia.com/pic/向上移动logo0.png"/><link>https://justpodmedia.com/justpod/episode/podcastintro/</link><author>马一龙</author><pubDate>Tue, 06 Jul 2021 09:51:52 GMT</pubDate><guid isPermaLink="true">https://dts.podtrac.com/redirect.mp3/justpodmedia.com/audio/test-code/podcast-intro.mp3</guid><enclosure type="audio/mpeg" length="1430382" url="https://dts.podtrac.com/redirect.mp3/justpodmedia.com/audio/test-code/podcast-intro.mp3"/><itunes:duration>35</itunes:duration><itunes:episode>12</itunes:episode><itunes:episodeType>full</itunes:episodeType></item></channel>
</rss>